xilinx rtfpga
rt::do_reinfer_area_combined 1
INFO: [Synth 8-3333] propagating constant 0 across sequential element (fec/\cur_FEC_codeword_reg[31] )
INFO: [Synth 8-3333] propagating constant 0 across sequential element (fec/\cur_FEC_codeword_reg[30] )
INFO: [Synth 8-3333] propagating constant 0 across sequential element (fec/\cur_FEC_codeword_reg[29] )
INFO: [Synth 8-3333] propagating constant 0 across sequential element (fec/\cur_FEC_codeword_reg[28] )
INFO: [Synth 8-3333] propagating constant 0 across sequential element (fec/\cur_FEC_codeword_reg[27] )
INFO: [Synth 8-3333] propagating constant 0 across sequential element (fec/\cur_FEC_codeword_reg[26] )
INFO: [Synth 8-3333] propagating constant 0 across sequential element (fec/\cur_FEC_codeword_reg[25] )
INFO: [Synth 8-3333] propagating constant 0 across sequential element (fec/\cur_FEC_codeword_reg[24] )
INFO: [Synth 8-3333] propagating constant 0 across sequential element (fec/\cur_FEC_codeword_reg[23] )
INFO: [Synth 8-3333] propagating constant 0 across sequential element (fec/\cur_FEC_codeword_reg[22] )
INFO: [Synth 8-3333] propagating constant 0 across sequential element (fec/\cur_FEC_codeword_reg[21] )
INFO: [Synth 8-3333] propagating constant 0 across sequential element (fec/\cur_FEC_codeword_reg[20] )
INFO: [Synth 8-3333] propagating constant 0 across sequential element (fec/\cur_FEC_codeword_reg[19] )
INFO: [Synth 8-3333] propagating constant 0 across sequential element (fec/\cur_FEC_codeword_reg[18] )
INFO: [Synth 8-3333] propagating constant 0 across sequential element (fec/\cur_FEC_codeword_reg[17] )
INFO: [Synth 8-3333] propagating constant 0 across sequential element (fec/\cur_FEC_codeword_reg[16] )
INFO: [Synth 8-3333] propagating constant 0 across sequential element (fec/\cur_FEC_codeword_reg[15] )
INFO: [Synth 8-3333] propagating constant 0 across sequential element (fec/\cur_FEC_codeword_reg[14] )
INFO: [Synth 8-3333] propagating constant 0 across sequential element (fec/\cur_FEC_codeword_reg[13] )
INFO: [Synth 8-3333] propagating constant 0 across sequential element (fec/\cur_FEC_codeword_reg[12] )
INFO: [Synth 8-3333] propagating constant 0 across sequential element (fec/\cur_FEC_codeword_reg[11] )
INFO: [Synth 8-3333] propagating constant 0 across sequential element (fec/\cur_FEC_codeword_reg[10] )
INFO: [Synth 8-3333] propagating constant 0 across sequential element (fec/\cur_FEC_codeword_reg[9] )
INFO: [Synth 8-3333] propagating constant 0 across sequential element (fec/\cur_FEC_codeword_reg[8] )
INFO: [Synth 8-3333] propagating constant 0 across sequential element (fec/\cur_FEC_codeword_reg[7] )
INFO: [Synth 8-3333] propagating constant 0 across sequential element (fec/\cur_FEC_codeword_reg[6] )
INFO: [Synth 8-3333] propagating constant 0 across sequential element (fec/\cur_FEC_codeword_reg[5] )
INFO: [Synth 8-3333] propagating constant 0 across sequential element (fec/\cur_FEC_codeword_reg[4] )
INFO: [Synth 8-3333] propagating constant 0 across sequential element (\channel/signal_out_reg[0] )
INFO: [Synth 8-3333] propagating constant 0 across sequential element (\channel/signal_out_reg[1] )
INFO: [Synth 8-3333] propagating constant 0 across sequential element (\na/signal_out_reg[0] )
INFO: [Synth 8-3333] propagating constant 0 across sequential element (\na/signal_out_reg[1] )
