xilinx rtfpga
rt::do_reinfer_area_combined 1
DSP Report: Generating DSP e5[0], operation Mode is: (D+(A:0x3fffffc4))*(D+(A:0x3fffffc4)).
DSP Report: operator e5[0] is absorbed into DSP e5[0].
DSP Report: operator p_0_out is absorbed into DSP e5[0].
DSP Report: Generating DSP e1[1], operation Mode is: (D+(A:0x6c))*(D+(A:0x6c)).
DSP Report: operator e1[1] is absorbed into DSP e1[1].
DSP Report: operator p_0_out is absorbed into DSP e1[1].
DSP Report: Generating DSP e3[0], operation Mode is: (D+(A:0x24))*(D+(A:0x24)).
DSP Report: operator e3[0] is absorbed into DSP e3[0].
DSP Report: operator p_0_out is absorbed into DSP e3[0].
DSP Report: Generating DSP e3[1], operation Mode is: (D+(A:0xc))*(D+(A:0xc)).
DSP Report: operator e3[1] is absorbed into DSP e3[1].
DSP Report: operator p_0_out is absorbed into DSP e3[1].
DSP Report: Generating DSP e4[1], operation Mode is: (D+(A:0x3fffffdc))*(D+(A:0x3fffffdc)).
DSP Report: operator e4[1] is absorbed into DSP e4[1].
DSP Report: operator p_0_out is absorbed into DSP e4[1].
DSP Report: Generating DSP e2[0], operation Mode is: (D+(A:0x54))*(D+(A:0x54)).
DSP Report: operator e2[0] is absorbed into DSP e2[0].
DSP Report: operator p_0_out is absorbed into DSP e2[0].
DSP Report: Generating DSP e2[1], operation Mode is: (D+(A:0x3c))*(D+(A:0x3c)).
DSP Report: operator e2[1] is absorbed into DSP e2[1].
DSP Report: operator p_0_out is absorbed into DSP e2[1].
DSP Report: Generating DSP e4[0], operation Mode is: (D+(A:0x3ffffff4))*(D+(A:0x3ffffff4)).
DSP Report: operator e4[0] is absorbed into DSP e4[0].
DSP Report: operator p_0_out is absorbed into DSP e4[0].
DSP Report: Generating DSP e5[1], operation Mode is: (D+(A:0x3fffffac))*(D+(A:0x3fffffac)).
DSP Report: operator e5[1] is absorbed into DSP e5[1].
DSP Report: operator p_0_out is absorbed into DSP e5[1].
DSP Report: Generating DSP e5[3], operation Mode is: (D+(A:0x7c))*(D+(A:0x7c)).
DSP Report: operator e5[3] is absorbed into DSP e5[3].
DSP Report: operator p_0_out is absorbed into DSP e5[3].
DSP Report: Generating DSP e5[2], operation Mode is: (D+(A:0x3fffff94))*(D+(A:0x3fffff94)).
DSP Report: operator e5[2] is absorbed into DSP e5[2].
DSP Report: operator p_0_out is absorbed into DSP e5[2].
DSP Report: Generating DSP e5[5], operation Mode is: (D+(A:0x4c))*(D+(A:0x4c)).
DSP Report: operator e5[5] is absorbed into DSP e5[5].
DSP Report: operator p_0_out is absorbed into DSP e5[5].
DSP Report: Generating DSP e5[4], operation Mode is: (D+(A:0x64))*(D+(A:0x64)).
DSP Report: operator e5[4] is absorbed into DSP e5[4].
DSP Report: operator p_0_out is absorbed into DSP e5[4].
DSP Report: Generating DSP e0[0], operation Mode is: (D+(A:0x3fffffb4))*(D+(A:0x3fffffb4)).
DSP Report: operator e0[0] is absorbed into DSP e0[0].
DSP Report: operator p_0_out is absorbed into DSP e0[0].
DSP Report: Generating DSP e0[1], operation Mode is: (D+(A:0x3fffff9c))*(D+(A:0x3fffff9c)).
DSP Report: operator e0[1] is absorbed into DSP e0[1].
DSP Report: operator p_0_out is absorbed into DSP e0[1].
DSP Report: Generating DSP e1[0], operation Mode is: (D+(A:0x3fffff84))*(D+(A:0x3fffff84)).
DSP Report: operator e1[0] is absorbed into DSP e1[0].
DSP Report: operator p_0_out is absorbed into DSP e1[0].
